2018-05-06 18:07:00,382 [INFO] from akka.event.slf4j.Slf4jLogger in application-akka.actor.default-dispatcher-3 - Slf4jLogger started
2018-05-06 18:07:00,384 [DEBUG] from akka.event.EventStream in application-akka.actor.default-dispatcher-3 - logger log1-Slf4jLogger started
2018-05-06 18:07:00,385 [DEBUG] from akka.event.EventStream in application-akka.actor.default-dispatcher-3 - Default Loggers started
2018-05-06 18:07:00,387 [DEBUG] from play.api.libs.concurrent.ActorSystemProvider in play-dev-mode-akka.actor.default-dispatcher-4 - Starting application default Akka system: application
2018-05-06 18:07:00,411 [WARN] from slick.basic.DatabaseConfig in play-dev-mode-akka.actor.default-dispatcher-4 - Use `profile` instead of `driver`. The latter is deprecated since Slick 3.2 and will be removed.
2018-05-06 18:07:00,487 [DEBUG] from play.api.db.slick.DefaultSlickApi in play-dev-mode-akka.actor.default-dispatcher-4 - Created Slick database config for key default.
2018-05-06 18:07:00,508 [INFO] from application in play-dev-mode-akka.actor.default-dispatcher-4 - ApplicationTimer demo: Starting application at 2018-05-06T23:07:00.507Z.
2018-05-06 18:07:00,731 [DEBUG] from controllers.AssetsConfiguration in play-dev-mode-akka.actor.default-dispatcher-4 - Using the following cache configuration for assets:
	 enableCaching = false
	 enableCacheControl = false
	 defaultCacheControl = public, max-age=3600
	 aggressiveCacheControl = public, max-age=31536000, immutable
	 configuredCacheControl:


2018-05-06 18:07:00,775 [INFO] from play.api.http.EnabledFilters in play-dev-mode-akka.actor.default-dispatcher-4 - Enabled Filters (see <https://www.playframework.com/documentation/latest/Filters>):

    play.filters.csrf.CSRFFilter
    play.filters.headers.SecurityHeadersFilter
    play.filters.hosts.AllowedHostsFilter
    filters.ExampleFilter

2018-05-06 18:07:00,780 [INFO] from play.api.Play in play-dev-mode-akka.actor.default-dispatcher-4 - Application started (Dev)
2018-05-06 18:07:01,004 [WARN] from play.filters.hosts.AllowedHostsFilter in application-akka.actor.default-dispatcher-2 - Host not allowed: localhost:9000
2018-05-06 18:07:21,095 [DEBUG] from play.api.libs.Files$DefaultTemporaryFileCreator in play-dev-mode-akka.actor.default-dispatcher-11 - deletePath: deleting = /tmp/playtemp1465560464689841443
2018-05-06 18:07:21,096 [INFO] from application in play-dev-mode-akka.actor.default-dispatcher-11 - ApplicationTimer demo: Stopping application at 2018-05-06T23:07:21.096Z after 21s.
2018-05-06 18:07:21,110 [DEBUG] from com.zaxxer.hikari.HikariConfig in application-akka.actor.default-dispatcher-3 - db - configuration:
2018-05-06 18:07:21,111 [DEBUG] from com.zaxxer.hikari.HikariConfig in application-akka.actor.default-dispatcher-3 - allowPoolSuspension.............false
2018-05-06 18:07:21,111 [DEBUG] from com.zaxxer.hikari.HikariConfig in application-akka.actor.default-dispatcher-3 - autoCommit......................true
2018-05-06 18:07:21,111 [DEBUG] from com.zaxxer.hikari.HikariConfig in application-akka.actor.default-dispatcher-3 - catalog.........................null
2018-05-06 18:07:21,111 [DEBUG] from com.zaxxer.hikari.HikariConfig in application-akka.actor.default-dispatcher-3 - connectionInitSql...............null
2018-05-06 18:07:21,112 [DEBUG] from com.zaxxer.hikari.HikariConfig in application-akka.actor.default-dispatcher-3 - connectionTestQuery.............null
2018-05-06 18:07:21,112 [DEBUG] from com.zaxxer.hikari.HikariConfig in application-akka.actor.default-dispatcher-3 - connectionTimeout...............1000
2018-05-06 18:07:21,112 [DEBUG] from com.zaxxer.hikari.HikariConfig in application-akka.actor.default-dispatcher-3 - dataSource......................null
2018-05-06 18:07:21,112 [DEBUG] from com.zaxxer.hikari.HikariConfig in application-akka.actor.default-dispatcher-3 - dataSourceClassName.............null
2018-05-06 18:07:21,112 [DEBUG] from com.zaxxer.hikari.HikariConfig in application-akka.actor.default-dispatcher-3 - dataSourceJNDI..................null
2018-05-06 18:07:21,112 [DEBUG] from com.zaxxer.hikari.HikariConfig in application-akka.actor.default-dispatcher-3 - dataSourceProperties............{password=<masked>}
2018-05-06 18:07:21,112 [DEBUG] from com.zaxxer.hikari.HikariConfig in application-akka.actor.default-dispatcher-3 - driverClassName................."com.mysql.cj.jdbc.Driver"
2018-05-06 18:07:21,112 [DEBUG] from com.zaxxer.hikari.HikariConfig in application-akka.actor.default-dispatcher-3 - healthCheckProperties...........{}
2018-05-06 18:07:21,112 [DEBUG] from com.zaxxer.hikari.HikariConfig in application-akka.actor.default-dispatcher-3 - healthCheckRegistry.............null
2018-05-06 18:07:21,112 [DEBUG] from com.zaxxer.hikari.HikariConfig in application-akka.actor.default-dispatcher-3 - idleTimeout.....................600000
2018-05-06 18:07:21,112 [DEBUG] from com.zaxxer.hikari.HikariConfig in application-akka.actor.default-dispatcher-3 - initializationFailFast..........false
2018-05-06 18:07:21,112 [DEBUG] from com.zaxxer.hikari.HikariConfig in application-akka.actor.default-dispatcher-3 - isolateInternalQueries..........false
2018-05-06 18:07:21,112 [DEBUG] from com.zaxxer.hikari.HikariConfig in application-akka.actor.default-dispatcher-3 - jdbc4ConnectionTest.............false
2018-05-06 18:07:21,112 [DEBUG] from com.zaxxer.hikari.HikariConfig in application-akka.actor.default-dispatcher-3 - jdbcUrl........................."jdbc:mysql://localhost/FallingSand?user=fallingsand&password=sandisfalling&nullNamePatternMatchesAll=true&useSSL=false&serverTimezone=UTC"
2018-05-06 18:07:21,112 [DEBUG] from com.zaxxer.hikari.HikariConfig in application-akka.actor.default-dispatcher-3 - leakDetectionThreshold..........0
2018-05-06 18:07:21,112 [DEBUG] from com.zaxxer.hikari.HikariConfig in application-akka.actor.default-dispatcher-3 - maxLifetime.....................1800000
2018-05-06 18:07:21,112 [DEBUG] from com.zaxxer.hikari.HikariConfig in application-akka.actor.default-dispatcher-3 - maximumPoolSize.................100
2018-05-06 18:07:21,112 [DEBUG] from com.zaxxer.hikari.HikariConfig in application-akka.actor.default-dispatcher-3 - metricRegistry..................null
2018-05-06 18:07:21,112 [DEBUG] from com.zaxxer.hikari.HikariConfig in application-akka.actor.default-dispatcher-3 - metricsTrackerFactory...........null
2018-05-06 18:07:21,112 [DEBUG] from com.zaxxer.hikari.HikariConfig in application-akka.actor.default-dispatcher-3 - minimumIdle.....................20
2018-05-06 18:07:21,112 [DEBUG] from com.zaxxer.hikari.HikariConfig in application-akka.actor.default-dispatcher-3 - password........................<masked>
2018-05-06 18:07:21,112 [DEBUG] from com.zaxxer.hikari.HikariConfig in application-akka.actor.default-dispatcher-3 - poolName........................"db"
2018-05-06 18:07:21,112 [DEBUG] from com.zaxxer.hikari.HikariConfig in application-akka.actor.default-dispatcher-3 - readOnly........................false
2018-05-06 18:07:21,112 [DEBUG] from com.zaxxer.hikari.HikariConfig in application-akka.actor.default-dispatcher-3 - registerMbeans..................false
2018-05-06 18:07:21,112 [DEBUG] from com.zaxxer.hikari.HikariConfig in application-akka.actor.default-dispatcher-3 - scheduledExecutorService........null
2018-05-06 18:07:21,113 [DEBUG] from com.zaxxer.hikari.HikariConfig in application-akka.actor.default-dispatcher-3 - threadFactory...................null
2018-05-06 18:07:21,113 [DEBUG] from com.zaxxer.hikari.HikariConfig in application-akka.actor.default-dispatcher-3 - transactionIsolation............null
2018-05-06 18:07:21,113 [DEBUG] from com.zaxxer.hikari.HikariConfig in application-akka.actor.default-dispatcher-3 - username........................null
2018-05-06 18:07:21,113 [DEBUG] from com.zaxxer.hikari.HikariConfig in application-akka.actor.default-dispatcher-3 - validationTimeout...............1000
2018-05-06 18:07:21,114 [INFO] from com.zaxxer.hikari.HikariDataSource in application-akka.actor.default-dispatcher-3 - db - Started.
2018-05-06 18:07:21,137 [WARN] from slick.util.AsyncExecutor in application-akka.actor.default-dispatcher-3 - Having maxConnection > maxThreads can result in deadlocks if transactions or database locks are used.
2018-05-06 18:07:21,140 [INFO] from com.zaxxer.hikari.pool.HikariPool in application-akka.actor.default-dispatcher-3 - db - Close initiated...
2018-05-06 18:07:21,142 [DEBUG] from com.zaxxer.hikari.pool.HikariPool in application-akka.actor.default-dispatcher-3 - db - Before closing stats (total=0, active=0, idle=0, waiting=0)
2018-05-06 18:07:21,145 [DEBUG] from com.zaxxer.hikari.pool.HikariPool in application-akka.actor.default-dispatcher-3 - db - After closing stats (total=0, active=0, idle=0, waiting=0)
2018-05-06 18:07:21,145 [INFO] from com.zaxxer.hikari.pool.HikariPool in application-akka.actor.default-dispatcher-3 - db - Closed.
2018-05-06 18:07:21,145 [DEBUG] from play.api.db.slick.DefaultSlickApi in application-akka.actor.default-dispatcher-3 - Database default was successfully closed.
2018-05-06 18:07:21,146 [DEBUG] from play.api.libs.concurrent.ActorSystemProvider in application-akka.actor.default-dispatcher-3 - Shutdown application default Akka system: application
2018-05-06 18:07:21,148 [DEBUG] from akka.actor.CoordinatedShutdown in application-akka.actor.default-dispatcher-4 - Performing phase [actor-system-terminate] with [1] tasks: [terminate-system]
2018-05-06 18:07:21,158 [DEBUG] from akka.event.EventStream in application-akka.actor.default-dispatcher-4 - shutting down: StandardOutLogger started
2018-05-06 18:07:21,289 [INFO] from akka.event.slf4j.Slf4jLogger in application-akka.actor.default-dispatcher-2 - Slf4jLogger started
2018-05-06 18:07:21,289 [DEBUG] from akka.event.EventStream in application-akka.actor.default-dispatcher-2 - logger log1-Slf4jLogger started
2018-05-06 18:07:21,290 [DEBUG] from akka.event.EventStream in application-akka.actor.default-dispatcher-2 - Default Loggers started
2018-05-06 18:07:21,292 [DEBUG] from play.api.libs.concurrent.ActorSystemProvider in play-dev-mode-akka.actor.default-dispatcher-11 - Starting application default Akka system: application
2018-05-06 18:07:21,293 [WARN] from slick.basic.DatabaseConfig in play-dev-mode-akka.actor.default-dispatcher-11 - Use `profile` instead of `driver`. The latter is deprecated since Slick 3.2 and will be removed.
2018-05-06 18:07:21,293 [DEBUG] from play.api.db.slick.DefaultSlickApi in play-dev-mode-akka.actor.default-dispatcher-11 - Created Slick database config for key default.
2018-05-06 18:07:21,296 [INFO] from application in play-dev-mode-akka.actor.default-dispatcher-11 - ApplicationTimer demo: Starting application at 2018-05-06T23:07:21.295Z.
2018-05-06 18:07:21,349 [DEBUG] from controllers.AssetsConfiguration in play-dev-mode-akka.actor.default-dispatcher-11 - Using the following cache configuration for assets:
	 enableCaching = false
	 enableCacheControl = false
	 defaultCacheControl = public, max-age=3600
	 aggressiveCacheControl = public, max-age=31536000, immutable
	 configuredCacheControl:


2018-05-06 18:07:21,368 [INFO] from play.api.http.EnabledFilters in play-dev-mode-akka.actor.default-dispatcher-11 - Enabled Filters (see <https://www.playframework.com/documentation/latest/Filters>):

    play.filters.csrf.CSRFFilter
    play.filters.headers.SecurityHeadersFilter
    play.filters.hosts.AllowedHostsFilter
    filters.ExampleFilter

2018-05-06 18:07:21,368 [INFO] from play.api.Play in play-dev-mode-akka.actor.default-dispatcher-11 - Application started (Dev)
2018-05-06 18:07:21,427 [DEBUG] from akka.io.TcpListener in play-dev-mode-akka.actor.default-dispatcher-2 - New connection accepted
2018-05-06 18:07:21,445 [DEBUG] from akka.io.TcpListener in play-dev-mode-akka.actor.default-dispatcher-6 - New connection accepted
2018-05-06 18:07:21,448 [DEBUG] from akka.io.TcpListener in play-dev-mode-akka.actor.default-dispatcher-11 - New connection accepted
2018-05-06 18:07:21,450 [DEBUG] from akka.io.TcpListener in play-dev-mode-akka.actor.default-dispatcher-3 - New connection accepted
2018-05-06 18:07:21,576 [DEBUG] from akka.stream.impl.io.InputStreamPublisher in play-dev-mode-akka.actor.default-dispatcher-23 - No more bytes available to read (got `-1` from `read`)
2018-05-06 18:07:21,576 [DEBUG] from akka.stream.impl.io.InputStreamPublisher in play-dev-mode-akka.actor.default-dispatcher-23 - No more bytes available to read (got `-1` from `read`)
2018-05-06 18:07:21,576 [DEBUG] from akka.stream.impl.io.InputStreamPublisher in play-dev-mode-akka.actor.default-dispatcher-23 - No more bytes available to read (got `-1` from `read`)
2018-05-06 18:07:21,577 [DEBUG] from akka.stream.impl.io.InputStreamPublisher in play-dev-mode-akka.actor.default-dispatcher-10 - No more bytes available to read (got `-1` from `read`)
2018-05-06 18:07:21,577 [DEBUG] from akka.stream.impl.io.InputStreamPublisher in play-dev-mode-akka.actor.default-dispatcher-10 - No more bytes available to read (got `-1` from `read`)
2018-05-06 18:07:21,607 [DEBUG] from akka.io.TcpListener in play-dev-mode-akka.actor.default-dispatcher-9 - New connection accepted
2018-05-06 18:07:21,647 [DEBUG] from akka.stream.impl.io.InputStreamPublisher in play-dev-mode-akka.actor.default-dispatcher-6 - No more bytes available to read (got `-1` from `read`)
2018-05-06 18:07:21,682 [ERROR] from akka.actor.OneForOneStrategy in application-akka.actor.default-dispatcher-2 - 0
java.lang.IndexOutOfBoundsException: 0
	at scala.collection.LinearSeqOptimized.apply(LinearSeqOptimized.scala:63)
	at scala.collection.LinearSeqOptimized.apply$(LinearSeqOptimized.scala:61)
	at scala.collection.immutable.List.apply(List.scala:86)
	at models.Canvas.$anonfun$getJsValue$2(Canvas.scala:47)
	at scala.collection.immutable.Range.foreach$mVc$sp(Range.scala:156)
	at models.Canvas.getJsValue(Canvas.scala:46)
	at models.SyncCanvasMessage.getJsValue(Message.scala:70)
	at actors.WSManager.$anonfun$addClient$1(WSManager.scala:48)
	at actors.WSManager.$anonfun$addClient$1$adapted(WSManager.scala:42)
	at scala.collection.immutable.List.foreach(List.scala:389)
	at actors.WSManager.addClient(WSManager.scala:42)
	at actors.WSManager$$anonfun$receive$1.applyOrElse(WSManager.scala:23)
	at akka.actor.Actor.aroundReceive(Actor.scala:517)
	at akka.actor.Actor.aroundReceive$(Actor.scala:515)
	at actors.WSManager.aroundReceive(WSManager.scala:14)
	at akka.actor.ActorCell.receiveMessage(ActorCell.scala:590)
	at akka.actor.ActorCell.invoke(ActorCell.scala:559)
	at akka.dispatch.Mailbox.processMailbox(Mailbox.scala:257)
	at akka.dispatch.Mailbox.run(Mailbox.scala:224)
	at akka.dispatch.Mailbox.exec(Mailbox.scala:234)
	at akka.dispatch.forkjoin.ForkJoinTask.doExec(ForkJoinTask.java:260)
	at akka.dispatch.forkjoin.ForkJoinPool$WorkQueue.runTask(ForkJoinPool.java:1339)
	at akka.dispatch.forkjoin.ForkJoinPool.runWorker(ForkJoinPool.java:1979)
	at akka.dispatch.forkjoin.ForkJoinWorkerThread.run(ForkJoinWorkerThread.java:107)
2018-05-06 18:08:44,379 [DEBUG] from akka.actor.RepointableActorRef in play-dev-mode-akka.actor.default-dispatcher-31 - Aborting tcp connection to /0:0:0:0:0:0:0:1:39646 because of upstream failure: akka.http.impl.engine.HttpIdleTimeoutException: HTTP idle-timeout encountered, no bytes passed in the last 75000000000 nanoseconds. This is configurable by akka.http.[server|client].idle-timeout.
2018-05-06 18:08:45,819 [DEBUG] from akka.actor.RepointableActorRef in play-dev-mode-akka.actor.default-dispatcher-6 - Aborting tcp connection to /0:0:0:0:0:0:0:1:39654 because of upstream failure: akka.http.impl.engine.HttpIdleTimeoutException: HTTP idle-timeout encountered, no bytes passed in the last 75000000000 nanoseconds. This is configurable by akka.http.[server|client].idle-timeout.
2018-05-06 18:08:45,839 [DEBUG] from akka.actor.RepointableActorRef in play-dev-mode-akka.actor.default-dispatcher-34 - Aborting tcp connection to /0:0:0:0:0:0:0:1:39658 because of upstream failure: akka.http.impl.engine.HttpIdleTimeoutException: HTTP idle-timeout encountered, no bytes passed in the last 75000000000 nanoseconds. This is configurable by akka.http.[server|client].idle-timeout.
2018-05-06 18:08:45,840 [DEBUG] from akka.actor.RepointableActorRef in play-dev-mode-akka.actor.default-dispatcher-34 - Aborting tcp connection to /0:0:0:0:0:0:0:1:39660 because of upstream failure: akka.http.impl.engine.HttpIdleTimeoutException: HTTP idle-timeout encountered, no bytes passed in the last 75000000000 nanoseconds. This is configurable by akka.http.[server|client].idle-timeout.
2018-05-06 18:08:45,840 [DEBUG] from akka.actor.RepointableActorRef in play-dev-mode-akka.actor.default-dispatcher-34 - Aborting tcp connection to /0:0:0:0:0:0:0:1:39656 because of upstream failure: akka.http.impl.engine.HttpIdleTimeoutException: HTTP idle-timeout encountered, no bytes passed in the last 75000000000 nanoseconds. This is configurable by akka.http.[server|client].idle-timeout.
2018-05-06 18:10:31,144 [DEBUG] from akka.io.TcpListener in play-dev-mode-akka.actor.default-dispatcher-2 - New connection accepted
2018-05-06 18:10:32,888 [DEBUG] from play.api.libs.Files$DefaultTemporaryFileCreator in play-dev-mode-akka.actor.default-dispatcher-31 - deletePath: deleting = /tmp/playtemp747196454128218748
2018-05-06 18:10:32,888 [INFO] from application in play-dev-mode-akka.actor.default-dispatcher-31 - ApplicationTimer demo: Stopping application at 2018-05-06T23:10:32.888Z after 191s.
2018-05-06 18:10:32,889 [DEBUG] from com.zaxxer.hikari.HikariConfig in application-akka.actor.default-dispatcher-16 - db - configuration:
2018-05-06 18:10:32,889 [DEBUG] from com.zaxxer.hikari.HikariConfig in application-akka.actor.default-dispatcher-16 - allowPoolSuspension.............false
2018-05-06 18:10:32,889 [DEBUG] from com.zaxxer.hikari.HikariConfig in application-akka.actor.default-dispatcher-16 - autoCommit......................true
2018-05-06 18:10:32,889 [DEBUG] from com.zaxxer.hikari.HikariConfig in application-akka.actor.default-dispatcher-16 - catalog.........................null
2018-05-06 18:10:32,889 [DEBUG] from com.zaxxer.hikari.HikariConfig in application-akka.actor.default-dispatcher-16 - connectionInitSql...............null
2018-05-06 18:10:32,889 [DEBUG] from com.zaxxer.hikari.HikariConfig in application-akka.actor.default-dispatcher-16 - connectionTestQuery.............null
2018-05-06 18:10:32,889 [DEBUG] from com.zaxxer.hikari.HikariConfig in application-akka.actor.default-dispatcher-16 - connectionTimeout...............1000
2018-05-06 18:10:32,889 [DEBUG] from com.zaxxer.hikari.HikariConfig in application-akka.actor.default-dispatcher-16 - dataSource......................null
2018-05-06 18:10:32,889 [DEBUG] from com.zaxxer.hikari.HikariConfig in application-akka.actor.default-dispatcher-16 - dataSourceClassName.............null
2018-05-06 18:10:32,889 [DEBUG] from com.zaxxer.hikari.HikariConfig in application-akka.actor.default-dispatcher-16 - dataSourceJNDI..................null
2018-05-06 18:10:32,889 [DEBUG] from com.zaxxer.hikari.HikariConfig in application-akka.actor.default-dispatcher-16 - dataSourceProperties............{password=<masked>}
2018-05-06 18:10:32,889 [DEBUG] from com.zaxxer.hikari.HikariConfig in application-akka.actor.default-dispatcher-16 - driverClassName................."com.mysql.cj.jdbc.Driver"
2018-05-06 18:10:32,889 [DEBUG] from com.zaxxer.hikari.HikariConfig in application-akka.actor.default-dispatcher-16 - healthCheckProperties...........{}
2018-05-06 18:10:32,889 [DEBUG] from com.zaxxer.hikari.HikariConfig in application-akka.actor.default-dispatcher-16 - healthCheckRegistry.............null
2018-05-06 18:10:32,889 [DEBUG] from com.zaxxer.hikari.HikariConfig in application-akka.actor.default-dispatcher-16 - idleTimeout.....................600000
2018-05-06 18:10:32,889 [DEBUG] from com.zaxxer.hikari.HikariConfig in application-akka.actor.default-dispatcher-16 - initializationFailFast..........false
2018-05-06 18:10:32,889 [DEBUG] from com.zaxxer.hikari.HikariConfig in application-akka.actor.default-dispatcher-16 - isolateInternalQueries..........false
2018-05-06 18:10:32,889 [DEBUG] from com.zaxxer.hikari.HikariConfig in application-akka.actor.default-dispatcher-16 - jdbc4ConnectionTest.............false
2018-05-06 18:10:32,889 [DEBUG] from com.zaxxer.hikari.HikariConfig in application-akka.actor.default-dispatcher-16 - jdbcUrl........................."jdbc:mysql://localhost/FallingSand?user=fallingsand&password=sandisfalling&nullNamePatternMatchesAll=true&useSSL=false&serverTimezone=UTC"
2018-05-06 18:10:32,889 [DEBUG] from com.zaxxer.hikari.HikariConfig in application-akka.actor.default-dispatcher-16 - leakDetectionThreshold..........0
2018-05-06 18:10:32,889 [DEBUG] from com.zaxxer.hikari.HikariConfig in application-akka.actor.default-dispatcher-16 - maxLifetime.....................1800000
2018-05-06 18:10:32,889 [DEBUG] from com.zaxxer.hikari.HikariConfig in application-akka.actor.default-dispatcher-16 - maximumPoolSize.................100
2018-05-06 18:10:32,889 [DEBUG] from com.zaxxer.hikari.HikariConfig in application-akka.actor.default-dispatcher-16 - metricRegistry..................null
2018-05-06 18:10:32,889 [DEBUG] from com.zaxxer.hikari.HikariConfig in application-akka.actor.default-dispatcher-16 - metricsTrackerFactory...........null
2018-05-06 18:10:32,889 [DEBUG] from com.zaxxer.hikari.HikariConfig in application-akka.actor.default-dispatcher-16 - minimumIdle.....................20
2018-05-06 18:10:32,889 [DEBUG] from com.zaxxer.hikari.HikariConfig in application-akka.actor.default-dispatcher-16 - password........................<masked>
2018-05-06 18:10:32,889 [DEBUG] from com.zaxxer.hikari.HikariConfig in application-akka.actor.default-dispatcher-16 - poolName........................"db"
2018-05-06 18:10:32,889 [DEBUG] from com.zaxxer.hikari.HikariConfig in application-akka.actor.default-dispatcher-16 - readOnly........................false
2018-05-06 18:10:32,889 [DEBUG] from com.zaxxer.hikari.HikariConfig in application-akka.actor.default-dispatcher-16 - registerMbeans..................false
2018-05-06 18:10:32,889 [DEBUG] from com.zaxxer.hikari.HikariConfig in application-akka.actor.default-dispatcher-16 - scheduledExecutorService........null
2018-05-06 18:10:32,889 [DEBUG] from com.zaxxer.hikari.HikariConfig in application-akka.actor.default-dispatcher-16 - threadFactory...................null
2018-05-06 18:10:32,889 [DEBUG] from com.zaxxer.hikari.HikariConfig in application-akka.actor.default-dispatcher-16 - transactionIsolation............null
2018-05-06 18:10:32,889 [DEBUG] from com.zaxxer.hikari.HikariConfig in application-akka.actor.default-dispatcher-16 - username........................null
2018-05-06 18:10:32,889 [DEBUG] from com.zaxxer.hikari.HikariConfig in application-akka.actor.default-dispatcher-16 - validationTimeout...............1000
2018-05-06 18:10:32,889 [INFO] from com.zaxxer.hikari.HikariDataSource in application-akka.actor.default-dispatcher-16 - db - Started.
2018-05-06 18:10:32,890 [WARN] from slick.util.AsyncExecutor in application-akka.actor.default-dispatcher-16 - Having maxConnection > maxThreads can result in deadlocks if transactions or database locks are used.
2018-05-06 18:10:32,890 [INFO] from com.zaxxer.hikari.pool.HikariPool in application-akka.actor.default-dispatcher-16 - db - Close initiated...
2018-05-06 18:10:32,890 [DEBUG] from com.zaxxer.hikari.pool.HikariPool in application-akka.actor.default-dispatcher-16 - db - Before closing stats (total=0, active=0, idle=0, waiting=0)
2018-05-06 18:10:32,890 [DEBUG] from com.zaxxer.hikari.pool.HikariPool in application-akka.actor.default-dispatcher-16 - db - After closing stats (total=0, active=0, idle=0, waiting=0)
2018-05-06 18:10:32,890 [INFO] from com.zaxxer.hikari.pool.HikariPool in application-akka.actor.default-dispatcher-16 - db - Closed.
2018-05-06 18:10:32,890 [DEBUG] from play.api.db.slick.DefaultSlickApi in application-akka.actor.default-dispatcher-16 - Database default was successfully closed.
2018-05-06 18:10:32,890 [DEBUG] from play.api.libs.concurrent.ActorSystemProvider in application-akka.actor.default-dispatcher-16 - Shutdown application default Akka system: application
2018-05-06 18:10:32,891 [DEBUG] from akka.actor.CoordinatedShutdown in application-akka.actor.default-dispatcher-17 - Performing phase [actor-system-terminate] with [1] tasks: [terminate-system]
2018-05-06 18:10:32,893 [DEBUG] from akka.event.EventStream in application-akka.actor.default-dispatcher-17 - shutting down: StandardOutLogger started
2018-05-06 18:10:33,000 [INFO] from akka.event.slf4j.Slf4jLogger in application-akka.actor.default-dispatcher-2 - Slf4jLogger started
2018-05-06 18:10:33,001 [DEBUG] from akka.event.EventStream in application-akka.actor.default-dispatcher-2 - logger log1-Slf4jLogger started
2018-05-06 18:10:33,001 [DEBUG] from akka.event.EventStream in application-akka.actor.default-dispatcher-2 - Default Loggers started
2018-05-06 18:10:33,003 [DEBUG] from play.api.libs.concurrent.ActorSystemProvider in play-dev-mode-akka.actor.default-dispatcher-31 - Starting application default Akka system: application
2018-05-06 18:10:33,005 [WARN] from slick.basic.DatabaseConfig in play-dev-mode-akka.actor.default-dispatcher-31 - Use `profile` instead of `driver`. The latter is deprecated since Slick 3.2 and will be removed.
2018-05-06 18:10:33,005 [DEBUG] from play.api.db.slick.DefaultSlickApi in play-dev-mode-akka.actor.default-dispatcher-31 - Created Slick database config for key default.
2018-05-06 18:10:33,006 [INFO] from application in play-dev-mode-akka.actor.default-dispatcher-31 - ApplicationTimer demo: Starting application at 2018-05-06T23:10:33.006Z.
2018-05-06 18:10:33,074 [DEBUG] from controllers.AssetsConfiguration in play-dev-mode-akka.actor.default-dispatcher-31 - Using the following cache configuration for assets:
	 enableCaching = false
	 enableCacheControl = false
	 defaultCacheControl = public, max-age=3600
	 aggressiveCacheControl = public, max-age=31536000, immutable
	 configuredCacheControl:


2018-05-06 18:10:33,090 [INFO] from play.api.http.EnabledFilters in play-dev-mode-akka.actor.default-dispatcher-31 - Enabled Filters (see <https://www.playframework.com/documentation/latest/Filters>):

    play.filters.csrf.CSRFFilter
    play.filters.headers.SecurityHeadersFilter
    play.filters.hosts.AllowedHostsFilter
    filters.ExampleFilter

2018-05-06 18:10:33,090 [INFO] from play.api.Play in play-dev-mode-akka.actor.default-dispatcher-31 - Application started (Dev)
2018-05-06 18:10:33,131 [DEBUG] from akka.io.TcpListener in play-dev-mode-akka.actor.default-dispatcher-2 - New connection accepted
2018-05-06 18:10:33,144 [DEBUG] from akka.io.TcpListener in play-dev-mode-akka.actor.default-dispatcher-33 - New connection accepted
2018-05-06 18:10:33,146 [DEBUG] from akka.io.TcpListener in play-dev-mode-akka.actor.default-dispatcher-31 - New connection accepted
2018-05-06 18:10:33,157 [DEBUG] from akka.stream.impl.io.InputStreamPublisher in play-dev-mode-akka.actor.default-dispatcher-33 - No more bytes available to read (got `-1` from `read`)
2018-05-06 18:10:33,159 [DEBUG] from akka.stream.impl.io.InputStreamPublisher in play-dev-mode-akka.actor.default-dispatcher-39 - No more bytes available to read (got `-1` from `read`)
2018-05-06 18:10:33,166 [DEBUG] from akka.stream.impl.io.InputStreamPublisher in play-dev-mode-akka.actor.default-dispatcher-2 - No more bytes available to read (got `-1` from `read`)
2018-05-06 18:10:33,171 [DEBUG] from akka.stream.impl.io.InputStreamPublisher in play-dev-mode-akka.actor.default-dispatcher-39 - No more bytes available to read (got `-1` from `read`)
2018-05-06 18:10:57,045 [DEBUG] from akka.io.TcpListener in play-dev-mode-akka.actor.default-dispatcher-39 - New connection accepted
2018-05-06 18:10:57,047 [DEBUG] from akka.io.TcpListener in play-dev-mode-akka.actor.default-dispatcher-31 - New connection accepted
2018-05-06 18:12:12,058 [DEBUG] from akka.actor.RepointableActorRef in play-dev-mode-akka.actor.default-dispatcher-33 - Aborting tcp connection to /0:0:0:0:0:0:0:1:41392 because of upstream failure: akka.http.impl.engine.HttpIdleTimeoutException: HTTP idle-timeout encountered, no bytes passed in the last 75000000000 nanoseconds. This is configurable by akka.http.[server|client].idle-timeout.
2018-05-06 18:12:12,068 [DEBUG] from akka.actor.RepointableActorRef in play-dev-mode-akka.actor.default-dispatcher-31 - Aborting tcp connection to /0:0:0:0:0:0:0:1:41394 because of upstream failure: akka.http.impl.engine.HttpIdleTimeoutException: HTTP idle-timeout encountered, no bytes passed in the last 75000000000 nanoseconds. This is configurable by akka.http.[server|client].idle-timeout.
2018-05-06 18:12:14,297 [DEBUG] from akka.actor.RepointableActorRef in play-dev-mode-akka.actor.default-dispatcher-31 - Aborting tcp connection to /0:0:0:0:0:0:0:1:41160 because of upstream failure: akka.http.impl.engine.HttpIdleTimeoutException: HTTP idle-timeout encountered, no bytes passed in the last 75000000000 nanoseconds. This is configurable by akka.http.[server|client].idle-timeout.
2018-05-06 18:12:15,404 [DEBUG] from play.api.libs.Files$DefaultTemporaryFileCreator in play-dev-mode-akka.actor.default-dispatcher-33 - deletePath: deleting = /tmp/playtemp6595064333813597743
2018-05-06 18:12:15,405 [INFO] from application in play-dev-mode-akka.actor.default-dispatcher-33 - ApplicationTimer demo: Stopping application at 2018-05-06T23:12:15.405Z after 102s.
2018-05-06 18:12:15,405 [DEBUG] from com.zaxxer.hikari.HikariConfig in application-akka.actor.default-dispatcher-4 - db - configuration:
2018-05-06 18:12:15,406 [DEBUG] from com.zaxxer.hikari.HikariConfig in application-akka.actor.default-dispatcher-4 - allowPoolSuspension.............false
2018-05-06 18:12:15,406 [DEBUG] from com.zaxxer.hikari.HikariConfig in application-akka.actor.default-dispatcher-4 - autoCommit......................true
2018-05-06 18:12:15,406 [DEBUG] from com.zaxxer.hikari.HikariConfig in application-akka.actor.default-dispatcher-4 - catalog.........................null
2018-05-06 18:12:15,406 [DEBUG] from com.zaxxer.hikari.HikariConfig in application-akka.actor.default-dispatcher-4 - connectionInitSql...............null
2018-05-06 18:12:15,406 [DEBUG] from com.zaxxer.hikari.HikariConfig in application-akka.actor.default-dispatcher-4 - connectionTestQuery.............null
2018-05-06 18:12:15,406 [DEBUG] from com.zaxxer.hikari.HikariConfig in application-akka.actor.default-dispatcher-4 - connectionTimeout...............1000
2018-05-06 18:12:15,406 [DEBUG] from com.zaxxer.hikari.HikariConfig in application-akka.actor.default-dispatcher-4 - dataSource......................null
2018-05-06 18:12:15,406 [DEBUG] from com.zaxxer.hikari.HikariConfig in application-akka.actor.default-dispatcher-4 - dataSourceClassName.............null
2018-05-06 18:12:15,406 [DEBUG] from com.zaxxer.hikari.HikariConfig in application-akka.actor.default-dispatcher-4 - dataSourceJNDI..................null
2018-05-06 18:12:15,406 [DEBUG] from com.zaxxer.hikari.HikariConfig in application-akka.actor.default-dispatcher-4 - dataSourceProperties............{password=<masked>}
2018-05-06 18:12:15,406 [DEBUG] from com.zaxxer.hikari.HikariConfig in application-akka.actor.default-dispatcher-4 - driverClassName................."com.mysql.cj.jdbc.Driver"
2018-05-06 18:12:15,406 [DEBUG] from com.zaxxer.hikari.HikariConfig in application-akka.actor.default-dispatcher-4 - healthCheckProperties...........{}
2018-05-06 18:12:15,406 [DEBUG] from com.zaxxer.hikari.HikariConfig in application-akka.actor.default-dispatcher-4 - healthCheckRegistry.............null
2018-05-06 18:12:15,406 [DEBUG] from com.zaxxer.hikari.HikariConfig in application-akka.actor.default-dispatcher-4 - idleTimeout.....................600000
2018-05-06 18:12:15,406 [DEBUG] from com.zaxxer.hikari.HikariConfig in application-akka.actor.default-dispatcher-4 - initializationFailFast..........false
2018-05-06 18:12:15,406 [DEBUG] from com.zaxxer.hikari.HikariConfig in application-akka.actor.default-dispatcher-4 - isolateInternalQueries..........false
2018-05-06 18:12:15,406 [DEBUG] from com.zaxxer.hikari.HikariConfig in application-akka.actor.default-dispatcher-4 - jdbc4ConnectionTest.............false
2018-05-06 18:12:15,406 [DEBUG] from com.zaxxer.hikari.HikariConfig in application-akka.actor.default-dispatcher-4 - jdbcUrl........................."jdbc:mysql://localhost/FallingSand?user=fallingsand&password=sandisfalling&nullNamePatternMatchesAll=true&useSSL=false&serverTimezone=UTC"
2018-05-06 18:12:15,406 [DEBUG] from com.zaxxer.hikari.HikariConfig in application-akka.actor.default-dispatcher-4 - leakDetectionThreshold..........0
2018-05-06 18:12:15,406 [DEBUG] from com.zaxxer.hikari.HikariConfig in application-akka.actor.default-dispatcher-4 - maxLifetime.....................1800000
2018-05-06 18:12:15,406 [DEBUG] from com.zaxxer.hikari.HikariConfig in application-akka.actor.default-dispatcher-4 - maximumPoolSize.................100
2018-05-06 18:12:15,406 [DEBUG] from com.zaxxer.hikari.HikariConfig in application-akka.actor.default-dispatcher-4 - metricRegistry..................null
2018-05-06 18:12:15,406 [DEBUG] from com.zaxxer.hikari.HikariConfig in application-akka.actor.default-dispatcher-4 - metricsTrackerFactory...........null
2018-05-06 18:12:15,406 [DEBUG] from com.zaxxer.hikari.HikariConfig in application-akka.actor.default-dispatcher-4 - minimumIdle.....................20
2018-05-06 18:12:15,406 [DEBUG] from com.zaxxer.hikari.HikariConfig in application-akka.actor.default-dispatcher-4 - password........................<masked>
2018-05-06 18:12:15,406 [DEBUG] from com.zaxxer.hikari.HikariConfig in application-akka.actor.default-dispatcher-4 - poolName........................"db"
2018-05-06 18:12:15,406 [DEBUG] from com.zaxxer.hikari.HikariConfig in application-akka.actor.default-dispatcher-4 - readOnly........................false
2018-05-06 18:12:15,406 [DEBUG] from com.zaxxer.hikari.HikariConfig in application-akka.actor.default-dispatcher-4 - registerMbeans..................false
2018-05-06 18:12:15,406 [DEBUG] from com.zaxxer.hikari.HikariConfig in application-akka.actor.default-dispatcher-4 - scheduledExecutorService........null
2018-05-06 18:12:15,406 [DEBUG] from com.zaxxer.hikari.HikariConfig in application-akka.actor.default-dispatcher-4 - threadFactory...................null
2018-05-06 18:12:15,406 [DEBUG] from com.zaxxer.hikari.HikariConfig in application-akka.actor.default-dispatcher-4 - transactionIsolation............null
2018-05-06 18:12:15,406 [DEBUG] from com.zaxxer.hikari.HikariConfig in application-akka.actor.default-dispatcher-4 - username........................null
2018-05-06 18:12:15,406 [DEBUG] from com.zaxxer.hikari.HikariConfig in application-akka.actor.default-dispatcher-4 - validationTimeout...............1000
2018-05-06 18:12:15,406 [INFO] from com.zaxxer.hikari.HikariDataSource in application-akka.actor.default-dispatcher-4 - db - Started.
2018-05-06 18:12:15,407 [WARN] from slick.util.AsyncExecutor in application-akka.actor.default-dispatcher-4 - Having maxConnection > maxThreads can result in deadlocks if transactions or database locks are used.
2018-05-06 18:12:15,407 [INFO] from com.zaxxer.hikari.pool.HikariPool in application-akka.actor.default-dispatcher-4 - db - Close initiated...
2018-05-06 18:12:15,407 [DEBUG] from com.zaxxer.hikari.pool.HikariPool in application-akka.actor.default-dispatcher-4 - db - Before closing stats (total=0, active=0, idle=0, waiting=0)
2018-05-06 18:12:15,407 [DEBUG] from com.zaxxer.hikari.pool.HikariPool in application-akka.actor.default-dispatcher-4 - db - After closing stats (total=0, active=0, idle=0, waiting=0)
2018-05-06 18:12:15,407 [INFO] from com.zaxxer.hikari.pool.HikariPool in application-akka.actor.default-dispatcher-4 - db - Closed.
2018-05-06 18:12:15,407 [DEBUG] from play.api.db.slick.DefaultSlickApi in application-akka.actor.default-dispatcher-4 - Database default was successfully closed.
2018-05-06 18:12:15,407 [DEBUG] from play.api.libs.concurrent.ActorSystemProvider in application-akka.actor.default-dispatcher-4 - Shutdown application default Akka system: application
2018-05-06 18:12:15,408 [DEBUG] from akka.actor.CoordinatedShutdown in application-akka.actor.default-dispatcher-9 - Performing phase [actor-system-terminate] with [1] tasks: [terminate-system]
2018-05-06 18:12:15,409 [DEBUG] from akka.event.EventStream in application-akka.actor.default-dispatcher-9 - shutting down: StandardOutLogger started
2018-05-06 18:12:15,516 [INFO] from akka.event.slf4j.Slf4jLogger in application-akka.actor.default-dispatcher-5 - Slf4jLogger started
2018-05-06 18:12:15,516 [DEBUG] from akka.event.EventStream in application-akka.actor.default-dispatcher-5 - logger log1-Slf4jLogger started
2018-05-06 18:12:15,516 [DEBUG] from akka.event.EventStream in application-akka.actor.default-dispatcher-5 - Default Loggers started
2018-05-06 18:12:15,518 [DEBUG] from play.api.libs.concurrent.ActorSystemProvider in play-dev-mode-akka.actor.default-dispatcher-33 - Starting application default Akka system: application
2018-05-06 18:12:15,519 [WARN] from slick.basic.DatabaseConfig in play-dev-mode-akka.actor.default-dispatcher-33 - Use `profile` instead of `driver`. The latter is deprecated since Slick 3.2 and will be removed.
2018-05-06 18:12:15,519 [DEBUG] from play.api.db.slick.DefaultSlickApi in play-dev-mode-akka.actor.default-dispatcher-33 - Created Slick database config for key default.
2018-05-06 18:12:15,520 [INFO] from application in play-dev-mode-akka.actor.default-dispatcher-33 - ApplicationTimer demo: Starting application at 2018-05-06T23:12:15.520Z.
2018-05-06 18:12:15,571 [DEBUG] from controllers.AssetsConfiguration in play-dev-mode-akka.actor.default-dispatcher-33 - Using the following cache configuration for assets:
	 enableCaching = false
	 enableCacheControl = false
	 defaultCacheControl = public, max-age=3600
	 aggressiveCacheControl = public, max-age=31536000, immutable
	 configuredCacheControl:


2018-05-06 18:12:15,583 [INFO] from play.api.http.EnabledFilters in play-dev-mode-akka.actor.default-dispatcher-33 - Enabled Filters (see <https://www.playframework.com/documentation/latest/Filters>):

    play.filters.csrf.CSRFFilter
    play.filters.headers.SecurityHeadersFilter
    play.filters.hosts.AllowedHostsFilter
    filters.ExampleFilter

2018-05-06 18:12:15,584 [INFO] from play.api.Play in play-dev-mode-akka.actor.default-dispatcher-33 - Application started (Dev)
2018-05-06 18:12:15,628 [DEBUG] from akka.io.TcpListener in play-dev-mode-akka.actor.default-dispatcher-6 - New connection accepted
2018-05-06 18:12:15,646 [DEBUG] from akka.stream.impl.io.InputStreamPublisher in play-dev-mode-akka.actor.default-dispatcher-38 - No more bytes available to read (got `-1` from `read`)
2018-05-06 18:12:15,648 [DEBUG] from akka.stream.impl.io.InputStreamPublisher in play-dev-mode-akka.actor.default-dispatcher-33 - No more bytes available to read (got `-1` from `read`)
2018-05-06 18:12:15,648 [DEBUG] from akka.stream.impl.io.InputStreamPublisher in play-dev-mode-akka.actor.default-dispatcher-33 - No more bytes available to read (got `-1` from `read`)
2018-05-06 18:12:15,650 [DEBUG] from akka.stream.impl.io.InputStreamPublisher in play-dev-mode-akka.actor.default-dispatcher-39 - No more bytes available to read (got `-1` from `read`)
2018-05-06 18:13:13,360 [DEBUG] from akka.stream.impl.io.InputStreamPublisher in play-dev-mode-akka.actor.default-dispatcher-71 - No more bytes available to read (got `-1` from `read`)
2018-05-06 18:13:13,363 [DEBUG] from akka.stream.impl.io.InputStreamPublisher in play-dev-mode-akka.actor.default-dispatcher-6 - No more bytes available to read (got `-1` from `read`)
2018-05-06 18:13:13,364 [DEBUG] from akka.stream.impl.io.InputStreamPublisher in play-dev-mode-akka.actor.default-dispatcher-54 - No more bytes available to read (got `-1` from `read`)
2018-05-06 18:13:13,364 [DEBUG] from akka.stream.impl.io.InputStreamPublisher in play-dev-mode-akka.actor.default-dispatcher-54 - No more bytes available to read (got `-1` from `read`)
2018-05-06 18:13:13,389 [DEBUG] from akka.io.TcpListener in play-dev-mode-akka.actor.default-dispatcher-53 - New connection accepted
2018-05-06 18:13:49,072 [DEBUG] from akka.io.TcpListener in play-dev-mode-akka.actor.default-dispatcher-53 - New connection accepted
2018-05-06 18:13:49,075 [DEBUG] from akka.io.TcpListener in play-dev-mode-akka.actor.default-dispatcher-53 - New connection accepted
2018-05-06 18:13:49,127 [DEBUG] from akka.stream.impl.io.InputStreamPublisher in play-dev-mode-akka.actor.default-dispatcher-72 - No more bytes available to read (got `-1` from `read`)
2018-05-06 18:13:49,129 [DEBUG] from akka.stream.impl.io.InputStreamPublisher in play-dev-mode-akka.actor.default-dispatcher-69 - No more bytes available to read (got `-1` from `read`)
2018-05-06 18:13:49,137 [DEBUG] from akka.stream.impl.io.InputStreamPublisher in play-dev-mode-akka.actor.default-dispatcher-53 - No more bytes available to read (got `-1` from `read`)
2018-05-06 18:13:49,146 [DEBUG] from akka.stream.impl.io.InputStreamPublisher in play-dev-mode-akka.actor.default-dispatcher-72 - No more bytes available to read (got `-1` from `read`)
2018-05-06 18:13:49,154 [DEBUG] from akka.io.TcpListener in play-dev-mode-akka.actor.default-dispatcher-53 - New connection accepted
2018-05-06 18:13:49,183 [DEBUG] from akka.stream.impl.io.InputStreamPublisher in play-dev-mode-akka.actor.default-dispatcher-71 - No more bytes available to read (got `-1` from `read`)
2018-05-06 18:14:36,899 [DEBUG] from akka.actor.RepointableActorRef in play-dev-mode-akka.actor.default-dispatcher-72 - Aborting tcp connection to /0:0:0:0:0:0:0:1:41178 because of upstream failure: akka.http.impl.engine.HttpIdleTimeoutException: HTTP idle-timeout encountered, no bytes passed in the last 75000000000 nanoseconds. This is configurable by akka.http.[server|client].idle-timeout.
2018-05-06 18:14:36,918 [DEBUG] from akka.actor.RepointableActorRef in play-dev-mode-akka.actor.default-dispatcher-69 - Aborting tcp connection to /0:0:0:0:0:0:0:1:41182 because of upstream failure: akka.http.impl.engine.HttpIdleTimeoutException: HTTP idle-timeout encountered, no bytes passed in the last 75000000000 nanoseconds. This is configurable by akka.http.[server|client].idle-timeout.
2018-05-06 18:14:37,778 [DEBUG] from akka.actor.RepointableActorRef in play-dev-mode-akka.actor.default-dispatcher-69 - Aborting tcp connection to /0:0:0:0:0:0:0:1:42492 because of upstream failure: akka.http.impl.engine.HttpIdleTimeoutException: HTTP idle-timeout encountered, no bytes passed in the last 75000000000 nanoseconds. This is configurable by akka.http.[server|client].idle-timeout.
2018-05-06 18:15:04,088 [DEBUG] from akka.actor.RepointableActorRef in play-dev-mode-akka.actor.default-dispatcher-70 - Aborting tcp connection to /0:0:0:0:0:0:0:1:42790 because of upstream failure: akka.http.impl.engine.HttpIdleTimeoutException: HTTP idle-timeout encountered, no bytes passed in the last 75000000000 nanoseconds. This is configurable by akka.http.[server|client].idle-timeout.
2018-05-06 18:15:04,098 [DEBUG] from akka.actor.RepointableActorRef in play-dev-mode-akka.actor.default-dispatcher-71 - Aborting tcp connection to /0:0:0:0:0:0:0:1:42792 because of upstream failure: akka.http.impl.engine.HttpIdleTimeoutException: HTTP idle-timeout encountered, no bytes passed in the last 75000000000 nanoseconds. This is configurable by akka.http.[server|client].idle-timeout.
2018-05-06 18:15:13,767 [DEBUG] from akka.actor.RepointableActorRef in play-dev-mode-akka.actor.default-dispatcher-71 - Aborting tcp connection to /0:0:0:0:0:0:0:1:42022 because of upstream failure: akka.http.impl.engine.HttpIdleTimeoutException: HTTP idle-timeout encountered, no bytes passed in the last 75000000000 nanoseconds. This is configurable by akka.http.[server|client].idle-timeout.
2018-05-06 18:15:14,407 [DEBUG] from akka.actor.RepointableActorRef in play-dev-mode-akka.actor.default-dispatcher-69 - Aborting tcp connection to /0:0:0:0:0:0:0:1:41180 because of upstream failure: akka.http.impl.engine.HttpIdleTimeoutException: HTTP idle-timeout encountered, no bytes passed in the last 75000000000 nanoseconds. This is configurable by akka.http.[server|client].idle-timeout.
2018-05-06 18:16:15,773 [DEBUG] from akka.io.TcpListener in play-dev-mode-akka.actor.default-dispatcher-105 - New connection accepted
2018-05-06 18:16:17,327 [DEBUG] from play.api.libs.Files$DefaultTemporaryFileCreator in play-dev-mode-akka.actor.default-dispatcher-106 - deletePath: deleting = /tmp/playtemp3828767020026306531
2018-05-06 18:16:17,327 [INFO] from application in play-dev-mode-akka.actor.default-dispatcher-106 - ApplicationTimer demo: Stopping application at 2018-05-06T23:16:17.327Z after 242s.
2018-05-06 18:16:17,328 [DEBUG] from com.zaxxer.hikari.HikariConfig in application-akka.actor.default-dispatcher-16 - db - configuration:
2018-05-06 18:16:17,328 [DEBUG] from com.zaxxer.hikari.HikariConfig in application-akka.actor.default-dispatcher-16 - allowPoolSuspension.............false
2018-05-06 18:16:17,328 [DEBUG] from com.zaxxer.hikari.HikariConfig in application-akka.actor.default-dispatcher-16 - autoCommit......................true
2018-05-06 18:16:17,328 [DEBUG] from com.zaxxer.hikari.HikariConfig in application-akka.actor.default-dispatcher-16 - catalog.........................null
2018-05-06 18:16:17,328 [DEBUG] from com.zaxxer.hikari.HikariConfig in application-akka.actor.default-dispatcher-16 - connectionInitSql...............null
2018-05-06 18:16:17,328 [DEBUG] from com.zaxxer.hikari.HikariConfig in application-akka.actor.default-dispatcher-16 - connectionTestQuery.............null
2018-05-06 18:16:17,328 [DEBUG] from com.zaxxer.hikari.HikariConfig in application-akka.actor.default-dispatcher-16 - connectionTimeout...............1000
2018-05-06 18:16:17,328 [DEBUG] from com.zaxxer.hikari.HikariConfig in application-akka.actor.default-dispatcher-16 - dataSource......................null
2018-05-06 18:16:17,328 [DEBUG] from com.zaxxer.hikari.HikariConfig in application-akka.actor.default-dispatcher-16 - dataSourceClassName.............null
2018-05-06 18:16:17,328 [DEBUG] from com.zaxxer.hikari.HikariConfig in application-akka.actor.default-dispatcher-16 - dataSourceJNDI..................null
2018-05-06 18:16:17,328 [DEBUG] from com.zaxxer.hikari.HikariConfig in application-akka.actor.default-dispatcher-16 - dataSourceProperties............{password=<masked>}
2018-05-06 18:16:17,328 [DEBUG] from com.zaxxer.hikari.HikariConfig in application-akka.actor.default-dispatcher-16 - driverClassName................."com.mysql.cj.jdbc.Driver"
2018-05-06 18:16:17,328 [DEBUG] from com.zaxxer.hikari.HikariConfig in application-akka.actor.default-dispatcher-16 - healthCheckProperties...........{}
2018-05-06 18:16:17,328 [DEBUG] from com.zaxxer.hikari.HikariConfig in application-akka.actor.default-dispatcher-16 - healthCheckRegistry.............null
2018-05-06 18:16:17,328 [DEBUG] from com.zaxxer.hikari.HikariConfig in application-akka.actor.default-dispatcher-16 - idleTimeout.....................600000
2018-05-06 18:16:17,328 [DEBUG] from com.zaxxer.hikari.HikariConfig in application-akka.actor.default-dispatcher-16 - initializationFailFast..........false
2018-05-06 18:16:17,328 [DEBUG] from com.zaxxer.hikari.HikariConfig in application-akka.actor.default-dispatcher-16 - isolateInternalQueries..........false
2018-05-06 18:16:17,328 [DEBUG] from com.zaxxer.hikari.HikariConfig in application-akka.actor.default-dispatcher-16 - jdbc4ConnectionTest.............false
2018-05-06 18:16:17,328 [DEBUG] from com.zaxxer.hikari.HikariConfig in application-akka.actor.default-dispatcher-16 - jdbcUrl........................."jdbc:mysql://localhost/FallingSand?user=fallingsand&password=sandisfalling&nullNamePatternMatchesAll=true&useSSL=false&serverTimezone=UTC"
2018-05-06 18:16:17,328 [DEBUG] from com.zaxxer.hikari.HikariConfig in application-akka.actor.default-dispatcher-16 - leakDetectionThreshold..........0
2018-05-06 18:16:17,328 [DEBUG] from com.zaxxer.hikari.HikariConfig in application-akka.actor.default-dispatcher-16 - maxLifetime.....................1800000
2018-05-06 18:16:17,328 [DEBUG] from com.zaxxer.hikari.HikariConfig in application-akka.actor.default-dispatcher-16 - maximumPoolSize.................100
2018-05-06 18:16:17,328 [DEBUG] from com.zaxxer.hikari.HikariConfig in application-akka.actor.default-dispatcher-16 - metricRegistry..................null
2018-05-06 18:16:17,328 [DEBUG] from com.zaxxer.hikari.HikariConfig in application-akka.actor.default-dispatcher-16 - metricsTrackerFactory...........null
2018-05-06 18:16:17,328 [DEBUG] from com.zaxxer.hikari.HikariConfig in application-akka.actor.default-dispatcher-16 - minimumIdle.....................20
2018-05-06 18:16:17,328 [DEBUG] from com.zaxxer.hikari.HikariConfig in application-akka.actor.default-dispatcher-16 - password........................<masked>
2018-05-06 18:16:17,328 [DEBUG] from com.zaxxer.hikari.HikariConfig in application-akka.actor.default-dispatcher-16 - poolName........................"db"
2018-05-06 18:16:17,329 [DEBUG] from com.zaxxer.hikari.HikariConfig in application-akka.actor.default-dispatcher-16 - readOnly........................false
2018-05-06 18:16:17,329 [DEBUG] from com.zaxxer.hikari.HikariConfig in application-akka.actor.default-dispatcher-16 - registerMbeans..................false
2018-05-06 18:16:17,329 [DEBUG] from com.zaxxer.hikari.HikariConfig in application-akka.actor.default-dispatcher-16 - scheduledExecutorService........null
2018-05-06 18:16:17,329 [DEBUG] from com.zaxxer.hikari.HikariConfig in application-akka.actor.default-dispatcher-16 - threadFactory...................null
2018-05-06 18:16:17,329 [DEBUG] from com.zaxxer.hikari.HikariConfig in application-akka.actor.default-dispatcher-16 - transactionIsolation............null
2018-05-06 18:16:17,329 [DEBUG] from com.zaxxer.hikari.HikariConfig in application-akka.actor.default-dispatcher-16 - username........................null
2018-05-06 18:16:17,329 [DEBUG] from com.zaxxer.hikari.HikariConfig in application-akka.actor.default-dispatcher-16 - validationTimeout...............1000
2018-05-06 18:16:17,329 [INFO] from com.zaxxer.hikari.HikariDataSource in application-akka.actor.default-dispatcher-16 - db - Started.
2018-05-06 18:16:17,329 [WARN] from slick.util.AsyncExecutor in application-akka.actor.default-dispatcher-16 - Having maxConnection > maxThreads can result in deadlocks if transactions or database locks are used.
2018-05-06 18:16:17,329 [INFO] from com.zaxxer.hikari.pool.HikariPool in application-akka.actor.default-dispatcher-16 - db - Close initiated...
2018-05-06 18:16:17,329 [DEBUG] from com.zaxxer.hikari.pool.HikariPool in application-akka.actor.default-dispatcher-16 - db - Before closing stats (total=0, active=0, idle=0, waiting=0)
2018-05-06 18:16:17,329 [DEBUG] from com.zaxxer.hikari.pool.HikariPool in application-akka.actor.default-dispatcher-16 - db - After closing stats (total=0, active=0, idle=0, waiting=0)
2018-05-06 18:16:17,329 [INFO] from com.zaxxer.hikari.pool.HikariPool in application-akka.actor.default-dispatcher-16 - db - Closed.
2018-05-06 18:16:17,329 [DEBUG] from play.api.db.slick.DefaultSlickApi in application-akka.actor.default-dispatcher-16 - Database default was successfully closed.
2018-05-06 18:16:17,329 [DEBUG] from play.api.libs.concurrent.ActorSystemProvider in application-akka.actor.default-dispatcher-16 - Shutdown application default Akka system: application
2018-05-06 18:16:17,330 [DEBUG] from akka.actor.CoordinatedShutdown in application-akka.actor.default-dispatcher-19 - Performing phase [actor-system-terminate] with [1] tasks: [terminate-system]
2018-05-06 18:16:17,331 [DEBUG] from akka.event.EventStream in application-akka.actor.default-dispatcher-16 - shutting down: StandardOutLogger started
2018-05-06 18:16:17,406 [INFO] from akka.event.slf4j.Slf4jLogger in application-akka.actor.default-dispatcher-4 - Slf4jLogger started
2018-05-06 18:16:17,407 [DEBUG] from akka.event.EventStream in application-akka.actor.default-dispatcher-4 - logger log1-Slf4jLogger started
2018-05-06 18:16:17,407 [DEBUG] from akka.event.EventStream in application-akka.actor.default-dispatcher-4 - Default Loggers started
2018-05-06 18:16:17,409 [DEBUG] from play.api.libs.concurrent.ActorSystemProvider in play-dev-mode-akka.actor.default-dispatcher-106 - Starting application default Akka system: application
2018-05-06 18:16:17,410 [WARN] from slick.basic.DatabaseConfig in play-dev-mode-akka.actor.default-dispatcher-106 - Use `profile` instead of `driver`. The latter is deprecated since Slick 3.2 and will be removed.
2018-05-06 18:16:17,410 [DEBUG] from play.api.db.slick.DefaultSlickApi in play-dev-mode-akka.actor.default-dispatcher-106 - Created Slick database config for key default.
2018-05-06 18:16:17,411 [INFO] from application in play-dev-mode-akka.actor.default-dispatcher-106 - ApplicationTimer demo: Starting application at 2018-05-06T23:16:17.410Z.
2018-05-06 18:16:17,453 [DEBUG] from controllers.AssetsConfiguration in play-dev-mode-akka.actor.default-dispatcher-106 - Using the following cache configuration for assets:
	 enableCaching = false
	 enableCacheControl = false
	 defaultCacheControl = public, max-age=3600
	 aggressiveCacheControl = public, max-age=31536000, immutable
	 configuredCacheControl:


2018-05-06 18:16:17,465 [INFO] from play.api.http.EnabledFilters in play-dev-mode-akka.actor.default-dispatcher-106 - Enabled Filters (see <https://www.playframework.com/documentation/latest/Filters>):

    play.filters.csrf.CSRFFilter
    play.filters.headers.SecurityHeadersFilter
    play.filters.hosts.AllowedHostsFilter
    filters.ExampleFilter

2018-05-06 18:16:17,466 [INFO] from play.api.Play in play-dev-mode-akka.actor.default-dispatcher-106 - Application started (Dev)
2018-05-06 18:16:17,515 [DEBUG] from akka.io.TcpListener in play-dev-mode-akka.actor.default-dispatcher-106 - New connection accepted
2018-05-06 18:16:17,519 [DEBUG] from akka.stream.impl.io.InputStreamPublisher in play-dev-mode-akka.actor.default-dispatcher-107 - No more bytes available to read (got `-1` from `read`)
2018-05-06 18:16:17,523 [DEBUG] from akka.io.TcpListener in play-dev-mode-akka.actor.default-dispatcher-70 - New connection accepted
2018-05-06 18:16:17,530 [DEBUG] from akka.stream.impl.io.InputStreamPublisher in play-dev-mode-akka.actor.default-dispatcher-112 - No more bytes available to read (got `-1` from `read`)
2018-05-06 18:16:17,530 [DEBUG] from akka.stream.impl.io.InputStreamPublisher in play-dev-mode-akka.actor.default-dispatcher-112 - No more bytes available to read (got `-1` from `read`)
2018-05-06 18:16:17,534 [DEBUG] from akka.stream.impl.io.InputStreamPublisher in play-dev-mode-akka.actor.default-dispatcher-113 - No more bytes available to read (got `-1` from `read`)
2018-05-06 18:16:17,547 [DEBUG] from akka.io.TcpListener in play-dev-mode-akka.actor.default-dispatcher-112 - New connection accepted
2018-05-06 18:16:40,919 [DEBUG] from akka.io.TcpListener in play-dev-mode-akka.actor.default-dispatcher-112 - New connection accepted
2018-05-06 18:16:40,921 [DEBUG] from akka.io.TcpListener in play-dev-mode-akka.actor.default-dispatcher-105 - New connection accepted
2018-05-06 18:16:40,922 [DEBUG] from akka.io.TcpListener in play-dev-mode-akka.actor.default-dispatcher-107 - New connection accepted
2018-05-06 18:16:41,029 [DEBUG] from akka.io.TcpListener in play-dev-mode-akka.actor.default-dispatcher-124 - New connection accepted
